This file contains any messages produced by compilers while
running configure, to aid debugging if configure makes a mistake.

It was created by leptonlib configure 1.56, which was
generated by GNU Autoconf 2.61.  Invocation command line was

  $ ./configure 

## --------- ##
## Platform. ##
## --------- ##

hostname = Ariel.local
uname -m = i386
uname -r = 10.4.0
uname -s = Darwin
uname -v = Darwin Kernel Version 10.4.0: Fri Apr 23 18:28:53 PDT 2010; root:xnu-1504.7.4~1/RELEASE_I386

/usr/bin/uname -p = i386
/bin/uname -X     = unknown

/bin/arch              = unknown
/usr/bin/arch -k       = unknown
/usr/convex/getsysinfo = unknown
/usr/bin/hostinfo      = Mach kernel version:
	 Darwin Kernel Version 10.4.0: Fri Apr 23 18:28:53 PDT 2010; root:xnu-1504.7.4~1/RELEASE_I386
Kernel configured for up to 2 processors.
2 processors are physically available.
2 processors are logically available.
Processor type: i486 (Intel 80486)
Processors active: 0 1
Primary memory available: 2.00 gigabytes
Default processor set: 73 tasks, 344 threads, 2 processors
Load average: 0.43, Mach factor: 1.71
/bin/machine           = unknown
/usr/bin/oslevel       = unknown
/bin/universe          = unknown

PATH: /usr/local/mysql/bin/
PATH: /opt/local/bin
PATH: /opt/local/sbin
PATH: /usr/bin
PATH: /bin
PATH: /usr/sbin
PATH: /sbin
PATH: /usr/local/bin
PATH: /usr/texbin
PATH: /usr/X11/bin


## ----------- ##
## Core tests. ##
## ----------- ##

configure:1824: checking build system type
configure:1842: result: i386-apple-darwin10.4.0
configure:1864: checking host system type
configure:1879: result: i386-apple-darwin10.4.0
configure:2049: checking for cl.exe
configure:2079: result: no
configure:2049: checking for g++
configure:2065: found /usr/bin/g++
configure:2076: result: g++
configure:2107: checking for C++ compiler version
configure:2114: g++ --version >&5
i686-apple-darwin10-g++-4.2.1 (GCC) 4.2.1 (Apple Inc. build 5659)
Copyright (C) 2007 Free Software Foundation, Inc.
This is free software; see the source for copying conditions.  There is NO
warranty; not even for MERCHANTABILITY or FITNESS FOR A PARTICULAR PURPOSE.

configure:2117: $? = 0
configure:2124: g++ -v >&5
Using built-in specs.
Target: i686-apple-darwin10
Configured with: /var/tmp/gcc/gcc-5659~1/src/configure --disable-checking --enable-werror --prefix=/usr --mandir=/share/man --enable-languages=c,objc,c++,obj-c++ --program-transform-name=/^[cg][^.-]*$/s/$/-4.2/ --with-slibdir=/usr/lib --build=i686-apple-darwin10 --program-prefix=i686-apple-darwin10- --host=x86_64-apple-darwin10 --target=i686-apple-darwin10 --with-gxx-include-dir=/include/c++/4.2.1
Thread model: posix
gcc version 4.2.1 (Apple Inc. build 5659)
configure:2127: $? = 0
configure:2134: g++ -V >&5
g++-4.2: argument to `-V' is missing
configure:2137: $? = 1
configure:2160: checking for C++ compiler default output file name
configure:2187: g++   -I/opt/local/include  -L/opt/local/lib conftest.cpp  >&5
configure:2190: $? = 0
configure:2228: result: a.out
configure:2245: checking whether the C++ compiler works
configure:2255: ./a.out
configure:2258: $? = 0
configure:2275: result: yes
configure:2282: checking whether we are cross compiling
configure:2284: result: no
configure:2287: checking for suffix of executables
configure:2294: g++ -o conftest   -I/opt/local/include  -L/opt/local/lib conftest.cpp  >&5
configure:2297: $? = 0
configure:2321: result: 
configure:2327: checking for suffix of object files
configure:2353: g++ -c   -I/opt/local/include conftest.cpp >&5
configure:2356: $? = 0
configure:2379: result: o
configure:2383: checking whether we are using the GNU C++ compiler
configure:2412: g++ -c   -I/opt/local/include conftest.cpp >&5
configure:2418: $? = 0
configure:2435: result: yes
configure:2440: checking whether g++ accepts -g
configure:2470: g++ -c -g  -I/opt/local/include conftest.cpp >&5
configure:2476: $? = 0
configure:2575: result: yes
configure:2623: checking for a BSD-compatible install
configure:2679: result: /usr/bin/install -c
configure:2690: checking whether build environment is sane
configure:2733: result: yes
configure:2798: checking for gawk
configure:2828: result: no
configure:2798: checking for mawk
configure:2828: result: no
configure:2798: checking for nawk
configure:2828: result: no
configure:2798: checking for awk
configure:2814: found /usr/bin/awk
configure:2825: result: awk
configure:2836: checking whether make sets $(MAKE)
configure:2857: result: yes
configure:2887: checking for style of include used by make
configure:2915: result: GNU
configure:3107: checking dependency style of g++
configure:3197: result: gcc3
configure:3218: checking whether to enable maintainer-specific portions of Makefiles
configure:3227: result: no
configure:3309: checking for gcc
configure:3325: found /usr/bin/gcc
configure:3336: result: gcc
configure:3574: checking for C compiler version
configure:3581: gcc --version >&5
i686-apple-darwin10-gcc-4.2.1 (GCC) 4.2.1 (Apple Inc. build 5659)
Copyright (C) 2007 Free Software Foundation, Inc.
This is free software; see the source for copying conditions.  There is NO
warranty; not even for MERCHANTABILITY or FITNESS FOR A PARTICULAR PURPOSE.

configure:3584: $? = 0
configure:3591: gcc -v >&5
Using built-in specs.
Target: i686-apple-darwin10
Configured with: /var/tmp/gcc/gcc-5659~1/src/configure --disable-checking --enable-werror --prefix=/usr --mandir=/share/man --enable-languages=c,objc,c++,obj-c++ --program-transform-name=/^[cg][^.-]*$/s/$/-4.2/ --with-slibdir=/usr/lib --build=i686-apple-darwin10 --program-prefix=i686-apple-darwin10- --host=x86_64-apple-darwin10 --target=i686-apple-darwin10 --with-gxx-include-dir=/include/c++/4.2.1
Thread model: posix
gcc version 4.2.1 (Apple Inc. build 5659)
configure:3594: $? = 0
configure:3601: gcc -V >&5
gcc-4.2: argument to `-V' is missing
configure:3604: $? = 1
configure:3607: checking whether we are using the GNU C compiler
configure:3636: gcc -c   -I/opt/local/include conftest.c >&5
configure:3642: $? = 0
configure:3659: result: yes
configure:3664: checking whether gcc accepts -g
configure:3694: gcc -c -g  -I/opt/local/include conftest.c >&5
configure:3700: $? = 0
configure:3799: result: yes
configure:3816: checking for gcc option to accept ISO C89
configure:3890: gcc  -c -g -O2  -I/opt/local/include conftest.c >&5
configure:3896: $? = 0
configure:3919: result: none needed
configure:3939: checking dependency style of gcc
configure:4029: result: gcc3
configure:4052: checking how to run the C preprocessor
configure:4092: gcc -E  -I/opt/local/include conftest.c
configure:4098: $? = 0
configure:4129: gcc -E  -I/opt/local/include conftest.c
conftest.c:14:28: error: ac_nonexistent.h: No such file or directory
configure:4135: $? = 1
configure: failed program was:
| /* confdefs.h.  */
| #define PACKAGE_NAME "leptonlib"
| #define PACKAGE_TARNAME "leptonlib"
| #define PACKAGE_VERSION "1.56"
| #define PACKAGE_STRING "leptonlib 1.56"
| #define PACKAGE_BUGREPORT "dan.bloomberg@gmail.com"
| #define PACKAGE_NAME "leptonlib"
| #define PACKAGE_VERSION "1.56"
| #define PACKAGE_YEAR "2008"
| #define PACKAGE_DATE "04/2008"
| #define PACKAGE "leptonlib"
| #define VERSION "1.56"
| /* end confdefs.h.  */
| #include <ac_nonexistent.h>
configure:4168: result: gcc -E
configure:4197: gcc -E  -I/opt/local/include conftest.c
configure:4203: $? = 0
configure:4234: gcc -E  -I/opt/local/include conftest.c
conftest.c:14:28: error: ac_nonexistent.h: No such file or directory
configure:4240: $? = 1
configure: failed program was:
| /* confdefs.h.  */
| #define PACKAGE_NAME "leptonlib"
| #define PACKAGE_TARNAME "leptonlib"
| #define PACKAGE_VERSION "1.56"
| #define PACKAGE_STRING "leptonlib 1.56"
| #define PACKAGE_BUGREPORT "dan.bloomberg@gmail.com"
| #define PACKAGE_NAME "leptonlib"
| #define PACKAGE_VERSION "1.56"
| #define PACKAGE_YEAR "2008"
| #define PACKAGE_DATE "04/2008"
| #define PACKAGE "leptonlib"
| #define VERSION "1.56"
| /* end confdefs.h.  */
| #include <ac_nonexistent.h>
configure:4278: checking for grep that handles long lines and -e
configure:4352: result: /usr/bin/grep
configure:4357: checking for egrep
configure:4435: result: /usr/bin/grep -E
configure:4440: checking for ANSI C header files
configure:4470: gcc -c -g -O2  -I/opt/local/include conftest.c >&5
configure:4476: $? = 0
configure:4575: gcc -o conftest -g -O2  -I/opt/local/include  -L/opt/local/lib conftest.c  >&5
configure:4578: $? = 0
configure:4584: ./conftest
configure:4587: $? = 0
configure:4604: result: yes
configure:4628: checking for sys/types.h
configure:4649: gcc -c -g -O2  -I/opt/local/include conftest.c >&5
configure:4655: $? = 0
configure:4671: result: yes
configure:4628: checking for sys/stat.h
configure:4649: gcc -c -g -O2  -I/opt/local/include conftest.c >&5
configure:4655: $? = 0
configure:4671: result: yes
configure:4628: checking for stdlib.h
configure:4649: gcc -c -g -O2  -I/opt/local/include conftest.c >&5
configure:4655: $? = 0
configure:4671: result: yes
configure:4628: checking for string.h
configure:4649: gcc -c -g -O2  -I/opt/local/include conftest.c >&5
configure:4655: $? = 0
configure:4671: result: yes
configure:4628: checking for memory.h
configure:4649: gcc -c -g -O2  -I/opt/local/include conftest.c >&5
configure:4655: $? = 0
configure:4671: result: yes
configure:4628: checking for strings.h
configure:4649: gcc -c -g -O2  -I/opt/local/include conftest.c >&5
configure:4655: $? = 0
configure:4671: result: yes
configure:4628: checking for inttypes.h
configure:4649: gcc -c -g -O2  -I/opt/local/include conftest.c >&5
configure:4655: $? = 0
configure:4671: result: yes
configure:4628: checking for stdint.h
configure:4649: gcc -c -g -O2  -I/opt/local/include conftest.c >&5
configure:4655: $? = 0
configure:4671: result: yes
configure:4628: checking for unistd.h
configure:4649: gcc -c -g -O2  -I/opt/local/include conftest.c >&5
configure:4655: $? = 0
configure:4671: result: yes
configure:4683: checking whether byte ordering is bigendian
configure:4716: gcc -c -g -O2  -I/opt/local/include conftest.c >&5
configure:4722: $? = 0
configure:4754: gcc -c -g -O2  -I/opt/local/include conftest.c >&5
conftest.c: In function 'main':
conftest.c:31: error: 'not' undeclared (first use in this function)
conftest.c:31: error: (Each undeclared identifier is reported only once
conftest.c:31: error: for each function it appears in.)
conftest.c:31: error: expected ';' before 'big'
configure:4760: $? = 1
configure: failed program was:
| /* confdefs.h.  */
| #define PACKAGE_NAME "leptonlib"
| #define PACKAGE_TARNAME "leptonlib"
| #define PACKAGE_VERSION "1.56"
| #define PACKAGE_STRING "leptonlib 1.56"
| #define PACKAGE_BUGREPORT "dan.bloomberg@gmail.com"
| #define PACKAGE_NAME "leptonlib"
| #define PACKAGE_VERSION "1.56"
| #define PACKAGE_YEAR "2008"
| #define PACKAGE_DATE "04/2008"
| #define PACKAGE "leptonlib"
| #define VERSION "1.56"
| #define STDC_HEADERS 1
| #define HAVE_SYS_TYPES_H 1
| #define HAVE_SYS_STAT_H 1
| #define HAVE_STDLIB_H 1
| #define HAVE_STRING_H 1
| #define HAVE_MEMORY_H 1
| #define HAVE_STRINGS_H 1
| #define HAVE_INTTYPES_H 1
| #define HAVE_STDINT_H 1
| #define HAVE_UNISTD_H 1
| /* end confdefs.h.  */
| #include <sys/types.h>
| #include <sys/param.h>
| 
| int
| main ()
| {
| #if BYTE_ORDER != BIG_ENDIAN
|  not big endian
| #endif
| 
|   ;
|   return 0;
| }
configure:4900: result: no
configure:4970: checking for ranlib
configure:4986: found /usr/bin/ranlib
configure:4997: result: ranlib
configure:5129: checking for deflate in -lz
configure:5164: g++ -o conftest -g -O2  -I/opt/local/include  -L/opt/local/lib conftest.cpp -lz   >&5
configure:5170: $? = 0
configure:5188: result: yes
configure:5200: checking for png_read_png in -lpng
configure:5235: g++ -o conftest -g -O2  -I/opt/local/include  -L/opt/local/lib conftest.cpp -lpng  -lz  >&5
ld: library not found for -lpng
collect2: ld returned 1 exit status
configure:5241: $? = 1
configure: failed program was:
| /* confdefs.h.  */
| #define PACKAGE_NAME "leptonlib"
| #define PACKAGE_TARNAME "leptonlib"
| #define PACKAGE_VERSION "1.56"
| #define PACKAGE_STRING "leptonlib 1.56"
| #define PACKAGE_BUGREPORT "dan.bloomberg@gmail.com"
| #define PACKAGE_NAME "leptonlib"
| #define PACKAGE_VERSION "1.56"
| #define PACKAGE_YEAR "2008"
| #define PACKAGE_DATE "04/2008"
| #define PACKAGE "leptonlib"
| #define VERSION "1.56"
| #define STDC_HEADERS 1
| #define HAVE_SYS_TYPES_H 1
| #define HAVE_SYS_STAT_H 1
| #define HAVE_STDLIB_H 1
| #define HAVE_STRING_H 1
| #define HAVE_MEMORY_H 1
| #define HAVE_STRINGS_H 1
| #define HAVE_INTTYPES_H 1
| #define HAVE_STDINT_H 1
| #define HAVE_UNISTD_H 1
| #define HAVE_LIBZ 1
| /* end confdefs.h.  */
| 
| /* Override any GCC internal prototype to avoid an error.
|    Use char because int might match the return type of a GCC
|    builtin and then its argument prototype would still apply.  */
| #ifdef __cplusplus
| extern "C"
| #endif
| char png_read_png ();
| int
| main ()
| {
| return png_read_png ();
|   ;
|   return 0;
| }
configure:5259: result: no
configure:5271: checking for jpeg_read_scanlines in -ljpeg
configure:5306: g++ -o conftest -g -O2  -I/opt/local/include  -L/opt/local/lib conftest.cpp -ljpeg  -lz  >&5
configure:5312: $? = 0
configure:5330: result: yes
configure:5342: checking for DGifOpenFileHandle in -lgif
configure:5377: g++ -o conftest -g -O2  -I/opt/local/include  -L/opt/local/lib conftest.cpp -lgif  -ljpeg -lz  >&5
ld: library not found for -lgif
collect2: ld returned 1 exit status
configure:5383: $? = 1
configure: failed program was:
| /* confdefs.h.  */
| #define PACKAGE_NAME "leptonlib"
| #define PACKAGE_TARNAME "leptonlib"
| #define PACKAGE_VERSION "1.56"
| #define PACKAGE_STRING "leptonlib 1.56"
| #define PACKAGE_BUGREPORT "dan.bloomberg@gmail.com"
| #define PACKAGE_NAME "leptonlib"
| #define PACKAGE_VERSION "1.56"
| #define PACKAGE_YEAR "2008"
| #define PACKAGE_DATE "04/2008"
| #define PACKAGE "leptonlib"
| #define VERSION "1.56"
| #define STDC_HEADERS 1
| #define HAVE_SYS_TYPES_H 1
| #define HAVE_SYS_STAT_H 1
| #define HAVE_STDLIB_H 1
| #define HAVE_STRING_H 1
| #define HAVE_MEMORY_H 1
| #define HAVE_STRINGS_H 1
| #define HAVE_INTTYPES_H 1
| #define HAVE_STDINT_H 1
| #define HAVE_UNISTD_H 1
| #define HAVE_LIBZ 1
| #define HAVE_LIBJPEG 1
| /* end confdefs.h.  */
| 
| /* Override any GCC internal prototype to avoid an error.
|    Use char because int might match the return type of a GCC
|    builtin and then its argument prototype would still apply.  */
| #ifdef __cplusplus
| extern "C"
| #endif
| char DGifOpenFileHandle ();
| int
| main ()
| {
| return DGifOpenFileHandle ();
|   ;
|   return 0;
| }
configure:5401: result: no
configure:5423: checking how to run the C++ preprocessor
configure:5459: g++ -E  -I/opt/local/include conftest.cpp
configure:5465: $? = 0
configure:5496: g++ -E  -I/opt/local/include conftest.cpp
conftest.cpp:26:28: error: ac_nonexistent.h: No such file or directory
configure:5502: $? = 1
configure: failed program was:
| /* confdefs.h.  */
| #define PACKAGE_NAME "leptonlib"
| #define PACKAGE_TARNAME "leptonlib"
| #define PACKAGE_VERSION "1.56"
| #define PACKAGE_STRING "leptonlib 1.56"
| #define PACKAGE_BUGREPORT "dan.bloomberg@gmail.com"
| #define PACKAGE_NAME "leptonlib"
| #define PACKAGE_VERSION "1.56"
| #define PACKAGE_YEAR "2008"
| #define PACKAGE_DATE "04/2008"
| #define PACKAGE "leptonlib"
| #define VERSION "1.56"
| #define STDC_HEADERS 1
| #define HAVE_SYS_TYPES_H 1
| #define HAVE_SYS_STAT_H 1
| #define HAVE_STDLIB_H 1
| #define HAVE_STRING_H 1
| #define HAVE_MEMORY_H 1
| #define HAVE_STRINGS_H 1
| #define HAVE_INTTYPES_H 1
| #define HAVE_STDINT_H 1
| #define HAVE_UNISTD_H 1
| #define HAVE_LIBZ 1
| #define HAVE_LIBJPEG 1
| /* end confdefs.h.  */
| #include <ac_nonexistent.h>
configure:5535: result: g++ -E
configure:5564: g++ -E  -I/opt/local/include conftest.cpp
configure:5570: $? = 0
configure:5601: g++ -E  -I/opt/local/include conftest.cpp
conftest.cpp:26:28: error: ac_nonexistent.h: No such file or directory
configure:5607: $? = 1
configure: failed program was:
| /* confdefs.h.  */
| #define PACKAGE_NAME "leptonlib"
| #define PACKAGE_TARNAME "leptonlib"
| #define PACKAGE_VERSION "1.56"
| #define PACKAGE_STRING "leptonlib 1.56"
| #define PACKAGE_BUGREPORT "dan.bloomberg@gmail.com"
| #define PACKAGE_NAME "leptonlib"
| #define PACKAGE_VERSION "1.56"
| #define PACKAGE_YEAR "2008"
| #define PACKAGE_DATE "04/2008"
| #define PACKAGE "leptonlib"
| #define VERSION "1.56"
| #define STDC_HEADERS 1
| #define HAVE_SYS_TYPES_H 1
| #define HAVE_SYS_STAT_H 1
| #define HAVE_STDLIB_H 1
| #define HAVE_STRING_H 1
| #define HAVE_MEMORY_H 1
| #define HAVE_STRINGS_H 1
| #define HAVE_INTTYPES_H 1
| #define HAVE_STDINT_H 1
| #define HAVE_UNISTD_H 1
| #define HAVE_LIBZ 1
| #define HAVE_LIBJPEG 1
| /* end confdefs.h.  */
| #include <ac_nonexistent.h>
configure:5645: checking for ANSI C header files
configure:5809: result: yes
configure:5819: checking whether time.h and sys/time.h may both be included
configure:5849: g++ -c -g -O2  -I/opt/local/include conftest.cpp >&5
configure:5855: $? = 0
configure:5870: result: yes
configure:5880: checking for sys/wait.h that is POSIX.1 compatible
configure:5916: g++ -c -g -O2  -I/opt/local/include conftest.cpp >&5
configure:5922: $? = 0
configure:5937: result: yes
configure:5963: checking sys/ipc.h usability
configure:5980: g++ -c -g -O2  -I/opt/local/include conftest.cpp >&5
configure:5986: $? = 0
configure:6000: result: yes
configure:6004: checking sys/ipc.h presence
configure:6019: g++ -E  -I/opt/local/include conftest.cpp
configure:6025: $? = 0
configure:6039: result: yes
configure:6072: checking for sys/ipc.h
configure:6080: result: yes
configure:5963: checking sys/shm.h usability
configure:5980: g++ -c -g -O2  -I/opt/local/include conftest.cpp >&5
configure:5986: $? = 0
configure:6000: result: yes
configure:6004: checking sys/shm.h presence
configure:6019: g++ -E  -I/opt/local/include conftest.cpp
configure:6025: $? = 0
configure:6039: result: yes
configure:6072: checking for sys/shm.h
configure:6080: result: yes
configure:6109: checking limits.h usability
configure:6126: g++ -c -g -O2  -I/opt/local/include conftest.cpp >&5
configure:6132: $? = 0
configure:6146: result: yes
configure:6150: checking limits.h presence
configure:6165: g++ -E  -I/opt/local/include conftest.cpp
configure:6171: $? = 0
configure:6185: result: yes
configure:6218: checking for limits.h
configure:6226: result: yes
configure:6109: checking malloc.h usability
configure:6126: g++ -c -g -O2  -I/opt/local/include conftest.cpp >&5
conftest.cpp:65:20: error: malloc.h: No such file or directory
configure:6132: $? = 1
configure: failed program was:
| /* confdefs.h.  */
| #define PACKAGE_NAME "leptonlib"
| #define PACKAGE_TARNAME "leptonlib"
| #define PACKAGE_VERSION "1.56"
| #define PACKAGE_STRING "leptonlib 1.56"
| #define PACKAGE_BUGREPORT "dan.bloomberg@gmail.com"
| #define PACKAGE_NAME "leptonlib"
| #define PACKAGE_VERSION "1.56"
| #define PACKAGE_YEAR "2008"
| #define PACKAGE_DATE "04/2008"
| #define PACKAGE "leptonlib"
| #define VERSION "1.56"
| #define STDC_HEADERS 1
| #define HAVE_SYS_TYPES_H 1
| #define HAVE_SYS_STAT_H 1
| #define HAVE_STDLIB_H 1
| #define HAVE_STRING_H 1
| #define HAVE_MEMORY_H 1
| #define HAVE_STRINGS_H 1
| #define HAVE_INTTYPES_H 1
| #define HAVE_STDINT_H 1
| #define HAVE_UNISTD_H 1
| #define HAVE_LIBZ 1
| #define HAVE_LIBJPEG 1
| #define STDC_HEADERS 1
| #define TIME_WITH_SYS_TIME 1
| #define HAVE_SYS_WAIT_H 1
| #define HAVE_SYS_IPC_H 1
| #define HAVE_SYS_SHM_H 1
| #define HAVE_LIMITS_H 1
| /* end confdefs.h.  */
| #include <stdio.h>
| #ifdef HAVE_SYS_TYPES_H
| # include <sys/types.h>
| #endif
| #ifdef HAVE_SYS_STAT_H
| # include <sys/stat.h>
| #endif
| #ifdef STDC_HEADERS
| # include <stdlib.h>
| # include <stddef.h>
| #else
| # ifdef HAVE_STDLIB_H
| #  include <stdlib.h>
| # endif
| #endif
| #ifdef HAVE_STRING_H
| # if !defined STDC_HEADERS && defined HAVE_MEMORY_H
| #  include <memory.h>
| # endif
| # include <string.h>
| #endif
| #ifdef HAVE_STRINGS_H
| # include <strings.h>
| #endif
| #ifdef HAVE_INTTYPES_H
| # include <inttypes.h>
| #endif
| #ifdef HAVE_STDINT_H
| # include <stdint.h>
| #endif
| #ifdef HAVE_UNISTD_H
| # include <unistd.h>
| #endif
| #include <malloc.h>
configure:6146: result: no
configure:6150: checking malloc.h presence
configure:6165: g++ -E  -I/opt/local/include conftest.cpp
conftest.cpp:32:20: error: malloc.h: No such file or directory
configure:6171: $? = 1
configure: failed program was:
| /* confdefs.h.  */
| #define PACKAGE_NAME "leptonlib"
| #define PACKAGE_TARNAME "leptonlib"
| #define PACKAGE_VERSION "1.56"
| #define PACKAGE_STRING "leptonlib 1.56"
| #define PACKAGE_BUGREPORT "dan.bloomberg@gmail.com"
| #define PACKAGE_NAME "leptonlib"
| #define PACKAGE_VERSION "1.56"
| #define PACKAGE_YEAR "2008"
| #define PACKAGE_DATE "04/2008"
| #define PACKAGE "leptonlib"
| #define VERSION "1.56"
| #define STDC_HEADERS 1
| #define HAVE_SYS_TYPES_H 1
| #define HAVE_SYS_STAT_H 1
| #define HAVE_STDLIB_H 1
| #define HAVE_STRING_H 1
| #define HAVE_MEMORY_H 1
| #define HAVE_STRINGS_H 1
| #define HAVE_INTTYPES_H 1
| #define HAVE_STDINT_H 1
| #define HAVE_UNISTD_H 1
| #define HAVE_LIBZ 1
| #define HAVE_LIBJPEG 1
| #define STDC_HEADERS 1
| #define TIME_WITH_SYS_TIME 1
| #define HAVE_SYS_WAIT_H 1
| #define HAVE_SYS_IPC_H 1
| #define HAVE_SYS_SHM_H 1
| #define HAVE_LIMITS_H 1
| /* end confdefs.h.  */
| #include <malloc.h>
configure:6185: result: no
configure:6218: checking for malloc.h
configure:6226: result: no
configure:6240: checking for stdbool.h that conforms to C99
configure:6333: g++ -c -g -O2  -I/opt/local/include conftest.cpp >&5
configure:6339: $? = 0
configure:6354: result: yes
configure:6356: checking for _Bool
configure:6386: g++ -c -g -O2  -I/opt/local/include conftest.cpp >&5
conftest.cpp:65: error: '_Bool' does not name a type
conftest.cpp: In function 'int main()':
conftest.cpp:69: error: 'ac__type_new_' was not declared in this scope
conftest.cpp:69: error: expected primary-expression before ')' token
conftest.cpp:69: error: expected `)' before numeric constant
conftest.cpp:71: error: 'ac__type_new_' was not declared in this scope
configure:6392: $? = 1
configure: failed program was:
| /* confdefs.h.  */
| #define PACKAGE_NAME "leptonlib"
| #define PACKAGE_TARNAME "leptonlib"
| #define PACKAGE_VERSION "1.56"
| #define PACKAGE_STRING "leptonlib 1.56"
| #define PACKAGE_BUGREPORT "dan.bloomberg@gmail.com"
| #define PACKAGE_NAME "leptonlib"
| #define PACKAGE_VERSION "1.56"
| #define PACKAGE_YEAR "2008"
| #define PACKAGE_DATE "04/2008"
| #define PACKAGE "leptonlib"
| #define VERSION "1.56"
| #define STDC_HEADERS 1
| #define HAVE_SYS_TYPES_H 1
| #define HAVE_SYS_STAT_H 1
| #define HAVE_STDLIB_H 1
| #define HAVE_STRING_H 1
| #define HAVE_MEMORY_H 1
| #define HAVE_STRINGS_H 1
| #define HAVE_INTTYPES_H 1
| #define HAVE_STDINT_H 1
| #define HAVE_UNISTD_H 1
| #define HAVE_LIBZ 1
| #define HAVE_LIBJPEG 1
| #define STDC_HEADERS 1
| #define TIME_WITH_SYS_TIME 1
| #define HAVE_SYS_WAIT_H 1
| #define HAVE_SYS_IPC_H 1
| #define HAVE_SYS_SHM_H 1
| #define HAVE_LIMITS_H 1
| /* end confdefs.h.  */
| #include <stdio.h>
| #ifdef HAVE_SYS_TYPES_H
| # include <sys/types.h>
| #endif
| #ifdef HAVE_SYS_STAT_H
| # include <sys/stat.h>
| #endif
| #ifdef STDC_HEADERS
| # include <stdlib.h>
| # include <stddef.h>
| #else
| # ifdef HAVE_STDLIB_H
| #  include <stdlib.h>
| # endif
| #endif
| #ifdef HAVE_STRING_H
| # if !defined STDC_HEADERS && defined HAVE_MEMORY_H
| #  include <memory.h>
| # endif
| # include <string.h>
| #endif
| #ifdef HAVE_STRINGS_H
| # include <strings.h>
| #endif
| #ifdef HAVE_INTTYPES_H
| # include <inttypes.h>
| #endif
| #ifdef HAVE_STDINT_H
| # include <stdint.h>
| #endif
| #ifdef HAVE_UNISTD_H
| # include <unistd.h>
| #endif
| typedef _Bool ac__type_new_;
| int
| main ()
| {
| if ((ac__type_new_ *) 0)
|   return 0;
| if (sizeof (ac__type_new_))
|   return 0;
|   ;
|   return 0;
| }
configure:6407: result: no
configure:6428: checking whether #! works in shell scripts
configure:6445: result: yes
configure:6456: checking for special C compiler options needed for large files
configure:6549: result: no
configure:6555: checking for _FILE_OFFSET_BITS value needed for large files
configure:6590: g++ -c -g -O2  -I/opt/local/include conftest.cpp >&5
configure:6596: $? = 0
configure:6664: result: no
configure:6805: checking for wchar_t
configure:6835: g++ -c -g -O2  -I/opt/local/include conftest.cpp >&5
configure:6841: $? = 0
configure:6856: result: yes
configure:6867: checking for long long int
configure:6897: g++ -c -g -O2  -I/opt/local/include conftest.cpp >&5
configure:6903: $? = 0
configure:6918: result: yes
configure:6929: checking for mbstate_t
configure:6960: g++ -c -g -O2  -I/opt/local/include conftest.cpp >&5
configure:6966: $? = 0
configure:6981: result: yes
configure:6995: checking for size_t
configure:7025: g++ -c -g -O2  -I/opt/local/include conftest.cpp >&5
configure:7031: $? = 0
configure:7046: result: yes
configure:7071: checking for stdlib.h
configure:7077: result: yes
configure:7071: checking for unistd.h
configure:7077: result: yes
configure:7215: checking for getpagesize
configure:7271: g++ -o conftest -g -O2  -I/opt/local/include  -L/opt/local/lib conftest.cpp -ljpeg -lz  >&5
configure:7277: $? = 0
configure:7295: result: yes
configure:7305: checking for working mmap
configure:7452: g++ -o conftest -g -O2  -I/opt/local/include  -L/opt/local/lib conftest.cpp -ljpeg -lz  >&5
configure:7455: $? = 0
configure:7461: ./conftest
configure:7464: $? = 0
configure:7480: result: yes
configure:7491: checking for pid_t
configure:7521: g++ -c -g -O2  -I/opt/local/include conftest.cpp >&5
configure:7527: $? = 0
configure:7542: result: yes
configure:7569: checking vfork.h usability
configure:7586: g++ -c -g -O2  -I/opt/local/include conftest.cpp >&5
conftest.cpp:73:19: error: vfork.h: No such file or directory
configure:7592: $? = 1
configure: failed program was:
| /* confdefs.h.  */
| #define PACKAGE_NAME "leptonlib"
| #define PACKAGE_TARNAME "leptonlib"
| #define PACKAGE_VERSION "1.56"
| #define PACKAGE_STRING "leptonlib 1.56"
| #define PACKAGE_BUGREPORT "dan.bloomberg@gmail.com"
| #define PACKAGE_NAME "leptonlib"
| #define PACKAGE_VERSION "1.56"
| #define PACKAGE_YEAR "2008"
| #define PACKAGE_DATE "04/2008"
| #define PACKAGE "leptonlib"
| #define VERSION "1.56"
| #define STDC_HEADERS 1
| #define HAVE_SYS_TYPES_H 1
| #define HAVE_SYS_STAT_H 1
| #define HAVE_STDLIB_H 1
| #define HAVE_STRING_H 1
| #define HAVE_MEMORY_H 1
| #define HAVE_STRINGS_H 1
| #define HAVE_INTTYPES_H 1
| #define HAVE_STDINT_H 1
| #define HAVE_UNISTD_H 1
| #define HAVE_LIBZ 1
| #define HAVE_LIBJPEG 1
| #define STDC_HEADERS 1
| #define TIME_WITH_SYS_TIME 1
| #define HAVE_SYS_WAIT_H 1
| #define HAVE_SYS_IPC_H 1
| #define HAVE_SYS_SHM_H 1
| #define HAVE_LIMITS_H 1
| #define HAVE_STDBOOL_H 1
| #define HAVE_WCHAR_T 1
| #define HAVE_LONG_LONG_INT 1
| #define HAVE_MBSTATE_T 1
| #define HAVE_STDLIB_H 1
| #define HAVE_UNISTD_H 1
| #define HAVE_GETPAGESIZE 1
| #define HAVE_MMAP 1
| /* end confdefs.h.  */
| #include <stdio.h>
| #ifdef HAVE_SYS_TYPES_H
| # include <sys/types.h>
| #endif
| #ifdef HAVE_SYS_STAT_H
| # include <sys/stat.h>
| #endif
| #ifdef STDC_HEADERS
| # include <stdlib.h>
| # include <stddef.h>
| #else
| # ifdef HAVE_STDLIB_H
| #  include <stdlib.h>
| # endif
| #endif
| #ifdef HAVE_STRING_H
| # if !defined STDC_HEADERS && defined HAVE_MEMORY_H
| #  include <memory.h>
| # endif
| # include <string.h>
| #endif
| #ifdef HAVE_STRINGS_H
| # include <strings.h>
| #endif
| #ifdef HAVE_INTTYPES_H
| # include <inttypes.h>
| #endif
| #ifdef HAVE_STDINT_H
| # include <stdint.h>
| #endif
| #ifdef HAVE_UNISTD_H
| # include <unistd.h>
| #endif
| #include <vfork.h>
configure:7606: result: no
configure:7610: checking vfork.h presence
configure:7625: g++ -E  -I/opt/local/include conftest.cpp
conftest.cpp:40:19: error: vfork.h: No such file or directory
configure:7631: $? = 1
configure: failed program was:
| /* confdefs.h.  */
| #define PACKAGE_NAME "leptonlib"
| #define PACKAGE_TARNAME "leptonlib"
| #define PACKAGE_VERSION "1.56"
| #define PACKAGE_STRING "leptonlib 1.56"
| #define PACKAGE_BUGREPORT "dan.bloomberg@gmail.com"
| #define PACKAGE_NAME "leptonlib"
| #define PACKAGE_VERSION "1.56"
| #define PACKAGE_YEAR "2008"
| #define PACKAGE_DATE "04/2008"
| #define PACKAGE "leptonlib"
| #define VERSION "1.56"
| #define STDC_HEADERS 1
| #define HAVE_SYS_TYPES_H 1
| #define HAVE_SYS_STAT_H 1
| #define HAVE_STDLIB_H 1
| #define HAVE_STRING_H 1
| #define HAVE_MEMORY_H 1
| #define HAVE_STRINGS_H 1
| #define HAVE_INTTYPES_H 1
| #define HAVE_STDINT_H 1
| #define HAVE_UNISTD_H 1
| #define HAVE_LIBZ 1
| #define HAVE_LIBJPEG 1
| #define STDC_HEADERS 1
| #define TIME_WITH_SYS_TIME 1
| #define HAVE_SYS_WAIT_H 1
| #define HAVE_SYS_IPC_H 1
| #define HAVE_SYS_SHM_H 1
| #define HAVE_LIMITS_H 1
| #define HAVE_STDBOOL_H 1
| #define HAVE_WCHAR_T 1
| #define HAVE_LONG_LONG_INT 1
| #define HAVE_MBSTATE_T 1
| #define HAVE_STDLIB_H 1
| #define HAVE_UNISTD_H 1
| #define HAVE_GETPAGESIZE 1
| #define HAVE_MMAP 1
| /* end confdefs.h.  */
| #include <vfork.h>
configure:7645: result: no
configure:7678: checking for vfork.h
configure:7686: result: no
configure:7704: checking for fork
configure:7760: g++ -o conftest -g -O2  -I/opt/local/include  -L/opt/local/lib conftest.cpp -ljpeg -lz  >&5
configure:7766: $? = 0
configure:7784: result: yes
configure:7704: checking for vfork
configure:7760: g++ -o conftest -g -O2  -I/opt/local/include  -L/opt/local/lib conftest.cpp -ljpeg -lz  >&5
configure:7766: $? = 0
configure:7784: result: yes
configure:7795: checking for working fork
configure:7827: g++ -o conftest -g -O2  -I/opt/local/include  -L/opt/local/lib conftest.cpp -ljpeg -lz  >&5
configure:7830: $? = 0
configure:7836: ./conftest
configure:7839: $? = 0
configure:7855: result: yes
configure:7876: checking for working vfork
configure:8014: result: yes
configure:8050: checking for strerror
configure:8106: g++ -o conftest -g -O2  -I/opt/local/include  -L/opt/local/lib conftest.cpp -ljpeg -lz  >&5
configure:8112: $? = 0
configure:8130: result: yes
configure:8050: checking for vsnprintf
configure:8106: g++ -o conftest -g -O2  -I/opt/local/include  -L/opt/local/lib conftest.cpp -ljpeg -lz  >&5
configure:8112: $? = 0
configure:8130: result: yes
configure:8144: checking for gethostname
configure:8200: g++ -o conftest -g -O2  -I/opt/local/include  -L/opt/local/lib conftest.cpp -ljpeg -lz  >&5
configure:8206: $? = 0
configure:8224: result: yes
configure:8239: checking for strchr
configure:8295: g++ -o conftest -g -O2  -I/opt/local/include  -L/opt/local/lib conftest.cpp -ljpeg -lz  >&5
configure:8301: $? = 0
configure:8319: result: yes
configure:8239: checking for memcpy
configure:8295: g++ -o conftest -g -O2  -I/opt/local/include  -L/opt/local/lib conftest.cpp -ljpeg -lz  >&5
configure:8301: $? = 0
configure:8319: result: yes
configure:8334: checking for acos
configure:8390: g++ -o conftest -g -O2  -I/opt/local/include  -L/opt/local/lib conftest.cpp -ljpeg -lz  >&5
configure:8396: $? = 0
configure:8414: result: yes
configure:8334: checking for asin
configure:8390: g++ -o conftest -g -O2  -I/opt/local/include  -L/opt/local/lib conftest.cpp -ljpeg -lz  >&5
configure:8396: $? = 0
configure:8414: result: yes
configure:8428: checking for fmemopen
configure:8484: g++ -o conftest -g -O2  -I/opt/local/include  -L/opt/local/lib conftest.cpp -ljpeg -lz  >&5
Undefined symbols:
  "_fmemopen", referenced from:
      _main in ccUuh3Bb.o
ld: symbol(s) not found
collect2: ld returned 1 exit status
configure:8490: $? = 1
configure: failed program was:
| /* confdefs.h.  */
| #define PACKAGE_NAME "leptonlib"
| #define PACKAGE_TARNAME "leptonlib"
| #define PACKAGE_VERSION "1.56"
| #define PACKAGE_STRING "leptonlib 1.56"
| #define PACKAGE_BUGREPORT "dan.bloomberg@gmail.com"
| #define PACKAGE_NAME "leptonlib"
| #define PACKAGE_VERSION "1.56"
| #define PACKAGE_YEAR "2008"
| #define PACKAGE_DATE "04/2008"
| #define PACKAGE "leptonlib"
| #define VERSION "1.56"
| #define STDC_HEADERS 1
| #define HAVE_SYS_TYPES_H 1
| #define HAVE_SYS_STAT_H 1
| #define HAVE_STDLIB_H 1
| #define HAVE_STRING_H 1
| #define HAVE_MEMORY_H 1
| #define HAVE_STRINGS_H 1
| #define HAVE_INTTYPES_H 1
| #define HAVE_STDINT_H 1
| #define HAVE_UNISTD_H 1
| #define HAVE_LIBZ 1
| #define HAVE_LIBJPEG 1
| #define STDC_HEADERS 1
| #define TIME_WITH_SYS_TIME 1
| #define HAVE_SYS_WAIT_H 1
| #define HAVE_SYS_IPC_H 1
| #define HAVE_SYS_SHM_H 1
| #define HAVE_LIMITS_H 1
| #define HAVE_STDBOOL_H 1
| #define HAVE_WCHAR_T 1
| #define HAVE_LONG_LONG_INT 1
| #define HAVE_MBSTATE_T 1
| #define HAVE_STDLIB_H 1
| #define HAVE_UNISTD_H 1
| #define HAVE_GETPAGESIZE 1
| #define HAVE_MMAP 1
| #define HAVE_FORK 1
| #define HAVE_VFORK 1
| #define HAVE_WORKING_VFORK 1
| #define HAVE_WORKING_FORK 1
| #define HAVE_STRERROR 1
| #define HAVE_VSNPRINTF 1
| #define HAVE_GETHOSTNAME 1
| #define HAVE_STRCHR 1
| #define HAVE_MEMCPY 1
| #define HAVE_ACOS 1
| #define HAVE_ASIN 1
| /* end confdefs.h.  */
| /* Define fmemopen to an innocuous variant, in case <limits.h> declares fmemopen.
|    For example, HP-UX 11i <limits.h> declares gettimeofday.  */
| #define fmemopen innocuous_fmemopen
| 
| /* System header to define __stub macros and hopefully few prototypes,
|     which can conflict with char fmemopen (); below.
|     Prefer <limits.h> to <assert.h> if __STDC__ is defined, since
|     <limits.h> exists even on freestanding compilers.  */
| 
| #ifdef __STDC__
| # include <limits.h>
| #else
| # include <assert.h>
| #endif
| 
| #undef fmemopen
| 
| /* Override any GCC internal prototype to avoid an error.
|    Use char because int might match the return type of a GCC
|    builtin and then its argument prototype would still apply.  */
| #ifdef __cplusplus
| extern "C"
| #endif
| char fmemopen ();
| /* The GNU C library defines this for functions which it implements
|     to always fail with ENOSYS.  Some functions are actually named
|     something starting with __ and the normal name is an alias.  */
| #if defined __stub_fmemopen || defined __stub___fmemopen
| choke me
| #endif
| 
| int
| main ()
| {
| return fmemopen ();
|   ;
|   return 0;
| }
configure:8508: result: no
configure:8549: checking for Leffler libtiff library
configure:8647: checking linking with -ltiff
configure:8685: g++ -o conftest -g -O2   -I/opt/local/include  -L/opt/local/lib conftest.cpp -ljpeg -lz  -ltiff -lm >&5
configure:8691: $? = 0
configure:8710: result: ok
configure:8726: result: setting LIBTIFF_CFLAGS=
configure:8728: result: setting LIBTIFF_LIBS=-ltiff
configure:8915: creating ./config.status

## ---------------------- ##
## Running config.status. ##
## ---------------------- ##

This file was extended by leptonlib config.status 1.56, which was
generated by GNU Autoconf 2.61.  Invocation command line was

  CONFIG_FILES    = 
  CONFIG_HEADERS  = 
  CONFIG_LINKS    = 
  CONFIG_COMMANDS = 
  $ ./config.status 

on Ariel.local

config.status:664: creating Makefile
config.status:664: creating src/Makefile
config.status:664: creating config_auto.h
config.status:970: executing depfiles commands

## ---------------- ##
## Cache variables. ##
## ---------------- ##

ac_cv_build=i386-apple-darwin10.4.0
ac_cv_c_bigendian=no
ac_cv_c_compiler_gnu=yes
ac_cv_cxx_compiler_gnu=yes
ac_cv_env_CCC_set=
ac_cv_env_CCC_value=
ac_cv_env_CC_set=
ac_cv_env_CC_value=
ac_cv_env_CFLAGS_set=
ac_cv_env_CFLAGS_value=
ac_cv_env_CPPFLAGS_set=
ac_cv_env_CPPFLAGS_value=
ac_cv_env_CPP_set=
ac_cv_env_CPP_value=
ac_cv_env_CXXCPP_set=
ac_cv_env_CXXCPP_value=
ac_cv_env_CXXFLAGS_set=
ac_cv_env_CXXFLAGS_value=
ac_cv_env_CXX_set=
ac_cv_env_CXX_value=
ac_cv_env_LDFLAGS_set=
ac_cv_env_LDFLAGS_value=
ac_cv_env_LIBS_set=
ac_cv_env_LIBS_value=
ac_cv_env_LIBTIFF_CFLAGS_set=
ac_cv_env_LIBTIFF_CFLAGS_value=
ac_cv_env_LIBTIFF_LIBS_set=
ac_cv_env_LIBTIFF_LIBS_value=
ac_cv_env_build_alias_set=
ac_cv_env_build_alias_value=
ac_cv_env_host_alias_set=
ac_cv_env_host_alias_value=
ac_cv_env_target_alias_set=
ac_cv_env_target_alias_value=
ac_cv_func_acos=yes
ac_cv_func_asin=yes
ac_cv_func_fmemopen=no
ac_cv_func_fork=yes
ac_cv_func_fork_works=yes
ac_cv_func_gethostname=yes
ac_cv_func_getpagesize=yes
ac_cv_func_memcpy=yes
ac_cv_func_mmap_fixed_mapped=yes
ac_cv_func_strchr=yes
ac_cv_func_strerror=yes
ac_cv_func_vfork=yes
ac_cv_func_vfork_works=yes
ac_cv_func_vsnprintf=yes
ac_cv_header_inttypes_h=yes
ac_cv_header_limits_h=yes
ac_cv_header_malloc_h=no
ac_cv_header_memory_h=yes
ac_cv_header_stdbool_h=yes
ac_cv_header_stdc=yes
ac_cv_header_stdint_h=yes
ac_cv_header_stdlib_h=yes
ac_cv_header_string_h=yes
ac_cv_header_strings_h=yes
ac_cv_header_sys_ipc_h=yes
ac_cv_header_sys_shm_h=yes
ac_cv_header_sys_stat_h=yes
ac_cv_header_sys_types_h=yes
ac_cv_header_sys_wait_h=yes
ac_cv_header_time=yes
ac_cv_header_unistd_h=yes
ac_cv_header_vfork_h=no
ac_cv_host=i386-apple-darwin10.4.0
ac_cv_lib_gif_DGifOpenFileHandle=no
ac_cv_lib_jpeg_jpeg_read_scanlines=yes
ac_cv_lib_png_png_read_png=no
ac_cv_lib_z_deflate=yes
ac_cv_objext=o
ac_cv_path_EGREP='/usr/bin/grep -E'
ac_cv_path_GREP=/usr/bin/grep
ac_cv_path_install='/usr/bin/install -c'
ac_cv_prog_AWK=awk
ac_cv_prog_CPP='gcc -E'
ac_cv_prog_CXXCPP='g++ -E'
ac_cv_prog_ac_ct_CC=gcc
ac_cv_prog_ac_ct_CXX=g++
ac_cv_prog_ac_ct_RANLIB=ranlib
ac_cv_prog_cc_c89=
ac_cv_prog_cc_g=yes
ac_cv_prog_cxx_g=yes
ac_cv_prog_make_make_set=yes
ac_cv_sys_file_offset_bits=no
ac_cv_sys_interpreter=yes
ac_cv_sys_largefile_CC=no
ac_cv_type__Bool=no
ac_cv_type_long_long_int=yes
ac_cv_type_mbstate_t=yes
ac_cv_type_pid_t=yes
ac_cv_type_size_t=yes
ac_cv_type_wchar_t=yes
am_cv_CC_dependencies_compiler_type=gcc3
am_cv_CXX_dependencies_compiler_type=gcc3

## ----------------- ##
## Output variables. ##
## ----------------- ##

ACLOCAL='${SHELL} /Users/awh/Development/Experiments2/TesseractOCR/TesseractMac3/liblep/leptonlib-1.66/config/missing --run aclocal-1.9'
AMDEPBACKSLASH='\'
AMDEP_FALSE='#'
AMDEP_TRUE=''
AMTAR='${SHELL} /Users/awh/Development/Experiments2/TesseractOCR/TesseractMac3/liblep/leptonlib-1.66/config/missing --run tar'
AUTOCONF='${SHELL} /Users/awh/Development/Experiments2/TesseractOCR/TesseractMac3/liblep/leptonlib-1.66/config/missing --run autoconf'
AUTOHEADER='${SHELL} /Users/awh/Development/Experiments2/TesseractOCR/TesseractMac3/liblep/leptonlib-1.66/config/missing --run autoheader'
AUTOMAKE='${SHELL} /Users/awh/Development/Experiments2/TesseractOCR/TesseractMac3/liblep/leptonlib-1.66/config/missing --run automake-1.9'
AWK='awk'
CC='gcc'
CCDEPMODE='depmode=gcc3'
CFLAGS=' -g -O2'
CPP='gcc -E'
CPPFLAGS=' -I/opt/local/include'
CXX='g++'
CXXCPP='g++ -E'
CXXDEPMODE='depmode=gcc3'
CXXFLAGS=' -g -O2'
CYGPATH_W='echo'
DEFS='-DHAVE_CONFIG_H'
DEPDIR='.deps'
ECHO_C='ECHO_N=''
ECHO_T=''
EGREP='/usr/bin/grep -E'
EXEEXT=''
GREP='/usr/bin/grep'
HAVE_LIBTIFF_FALSE='#'
HAVE_LIBTIFF_TRUE=''
INSTALL_DATA='${INSTALL} -m 644'
INSTALL_PROGRAM='${INSTALL}'
INSTALL_SCRIPT='${INSTALL}'
INSTALL_STRIP_PROGRAM='${SHELL} $(install_sh) -c -s'
LDFLAGS=' -L/opt/local/lib'
LIBOBJS=''
LIBS='-ltiff -ljpeg -lz  -lm'
LIBTIFF_CFLAGS=''
LIBTIFF_LIBS='-ltiff'
LTLIBOBJS=''
MAINT='#'
MAINTAINER_MODE_FALSE=''
MAINTAINER_MODE_TRUE='#'
MAKEINFO='${SHELL} /Users/awh/Development/Experiments2/TesseractOCR/TesseractMac3/liblep/leptonlib-1.66/config/missing --run makeinfo'
OBJEXT='o'
PACKAGE='leptonlib'
PACKAGE_BUGREPORT='dan.bloomberg@gmail.com'
PACKAGE_DATE='04/2008'
PACKAGE_NAME='leptonlib'
PACKAGE_STRING='leptonlib 1.56'
PACKAGE_TARNAME='leptonlib'
PACKAGE_VERSION='1.56'
PACKAGE_YEAR='2008'
PATH_SEPARATOR=':'
RANLIB='ranlib'
SET_MAKE=''
SHELL='/bin/sh'
STRIP=''
USING_CL_FALSE=''
USING_CL_TRUE='#'
VERSION='1.56'
ac_ct_CC='gcc'
ac_ct_CXX='g++'
am__fastdepCC_FALSE='#'
am__fastdepCC_TRUE=''
am__fastdepCXX_FALSE='#'
am__fastdepCXX_TRUE=''
am__include='include'
am__leading_dot='.'
am__quote=''
am__tar='${AMTAR} chof - "$$tardir"'
am__untar='${AMTAR} xf -'
bindir='${exec_prefix}/bin'
build='i386-apple-darwin10.4.0'
build_alias=''
build_cpu='i386'
build_os='darwin10.4.0'
build_vendor='apple'
datadir='${datarootdir}'
datarootdir='${prefix}/share'
docdir='${datarootdir}/doc/${PACKAGE_TARNAME}'
dvidir='${docdir}'
exec_prefix='${prefix}'
host='i386-apple-darwin10.4.0'
host_alias=''
host_cpu='i386'
host_os='darwin10.4.0'
host_vendor='apple'
htmldir='${docdir}'
includedir='${prefix}/include/liblept'
infodir='${datarootdir}/info'
install_sh='/Users/awh/Development/Experiments2/TesseractOCR/TesseractMac3/liblep/leptonlib-1.66/config/install-sh'
libdir='${exec_prefix}/lib'
libexecdir='${exec_prefix}/libexec'
localedir='${datarootdir}/locale'
localstatedir='${prefix}/var'
mandir='${datarootdir}/man'
mkdir_p='$(install_sh) -d'
oldincludedir='/usr/include'
pdfdir='${docdir}'
prefix='/usr/local'
program_transform_name='s,x,x,'
psdir='${docdir}'
sbindir='${exec_prefix}/sbin'
sharedstatedir='${prefix}/com'
sysconfdir='${prefix}/etc'
target_alias=''

## ----------- ##
## confdefs.h. ##
## ----------- ##

#define PACKAGE_NAME "leptonlib"
#define PACKAGE_TARNAME "leptonlib"
#define PACKAGE_VERSION "1.56"
#define PACKAGE_STRING "leptonlib 1.56"
#define PACKAGE_BUGREPORT "dan.bloomberg@gmail.com"
#define PACKAGE_NAME "leptonlib"
#define PACKAGE_VERSION "1.56"
#define PACKAGE_YEAR "2008"
#define PACKAGE_DATE "04/2008"
#define PACKAGE "leptonlib"
#define VERSION "1.56"
#define STDC_HEADERS 1
#define HAVE_SYS_TYPES_H 1
#define HAVE_SYS_STAT_H 1
#define HAVE_STDLIB_H 1
#define HAVE_STRING_H 1
#define HAVE_MEMORY_H 1
#define HAVE_STRINGS_H 1
#define HAVE_INTTYPES_H 1
#define HAVE_STDINT_H 1
#define HAVE_UNISTD_H 1
#define HAVE_LIBZ 1
#define HAVE_LIBJPEG 1
#define STDC_HEADERS 1
#define TIME_WITH_SYS_TIME 1
#define HAVE_SYS_WAIT_H 1
#define HAVE_SYS_IPC_H 1
#define HAVE_SYS_SHM_H 1
#define HAVE_LIMITS_H 1
#define HAVE_STDBOOL_H 1
#define HAVE_WCHAR_T 1
#define HAVE_LONG_LONG_INT 1
#define HAVE_MBSTATE_T 1
#define HAVE_STDLIB_H 1
#define HAVE_UNISTD_H 1
#define HAVE_GETPAGESIZE 1
#define HAVE_MMAP 1
#define HAVE_FORK 1
#define HAVE_VFORK 1
#define HAVE_WORKING_VFORK 1
#define HAVE_WORKING_FORK 1
#define HAVE_STRERROR 1
#define HAVE_VSNPRINTF 1
#define HAVE_GETHOSTNAME 1
#define HAVE_STRCHR 1
#define HAVE_MEMCPY 1
#define HAVE_ACOS 1
#define HAVE_ASIN 1
#define HAVE_LIBTIFF 1

configure: exit 0
